"../../../Engine/Content/ArtTools/RenderToTexture/Enums/RenderToTexture_Enum.uasset" 0
"../../../Engine/Content/ArtTools/RenderToTexture/Enums/RenderToTexture_Flipbook_Enum.uasset" 1
"../../../Engine/Content/ArtTools/RenderToTexture/Enums/RenderToTexture_Imposter_Enum.uasset" 2
"../../../Engine/Content/EditorBlueprintResources/StandardMacros.uasset" 3
"../../../Engine/Content/ArtTools/RenderToTexture/Enums/EIntTypes.uasset" 4
"../../../Engine/Content/ArtTools/RenderToTexture/Macros/RenderToTextureFunctionLibrary.uasset" 5
"../../../Engine/Content/ArtTools/RenderToTexture/Enums/EFloatTypes.uasset" 6
"../../../Engine/Content/ArtTools/RenderToTexture/Macros/RenderToTextureMacros.uasset" 7
"../../../Engine/Content/Functions/Engine_MaterialFunctions01/Opacity/CameraDepthFade.uasset" 8
"../../../Engine/Content/EngineMaterials/T_Default_Material_Grid_M.uasset" 9
"../../../Engine/Content/EngineMaterials/T_Default_Material_Grid_N.uasset" 10
"../../../Engine/Content/EngineMaterials/WorldGridMaterial.uasset" 11
"../../../Engine/Content/ArtTools/RenderToTexture/Meshes/S_1_Unit_Plane.uasset" 12
"../../../Engine/Content/EngineMaterials/DefaultMaterial.uasset" 13
"../../../Engine/Content/BasicShapes/Cone.uasset" 14
"../../../Engine/Content/BasicShapes/Cube.uasset" 15
"../../../Engine/Content/BasicShapes/Cylinder.uasset" 16
"../../../Engine/Content/BasicShapes/Plane.uasset" 17
"../../../Engine/Content/BasicShapes/Sphere.uasset" 18
"../../../Engine/Content/EngineMaterials/DefaultPhysicalMaterial.uasset" 19
"../../../Engine/Content/BufferVisualization/AmbientOcclusion.uasset" 20
"../../../Engine/Content/BufferVisualization/BaseColor.uasset" 21
"../../../Engine/Content/BufferVisualization/CustomDepth.uasset" 22
"../../../Engine/Content/Functions/Engine_MaterialFunctions02/Utility/VectorLength.uasset" 23
"../../../Engine/Content/BufferVisualization/CustomDepthWorldUnits.uasset" 24
"../../../Engine/Content/Functions/Engine_MaterialFunctions02/Utility/BreakOutFloat2Components.uasset" 25
"../../../Engine/Content/Functions/Engine_MaterialFunctions01/Texturing/ScaleUVsByCenter.uasset" 26
"../../../Engine/Content/Functions/Engine_MaterialFunctions02/ScreenResolution.uasset" 27
"../../../Engine/Content/Functions/Engine_MaterialFunctions02/Texturing/ScreenAlignedUVs.uasset" 28
"../../../Engine/Content/Functions/Engine_MaterialFunctions02/Utility/MakeFloat2.uasset" 29
"../../../Engine/Content/Functions/Engine_MaterialFunctions02/Utility/MakeFloat3.uasset" 30
"../../../Engine/Content/EngineMaterials/MiniFont.uasset" 31
"../../../Engine/Content/BufferVisualization/CustomStencil.uasset" 32
"../../../Engine/Content/BufferVisualization/FinalImage.uasset" 33
"../../../Engine/Content/BufferVisualization/LightingModel.uasset" 34
"../../../Engine/Content/BufferVisualization/MaterialAO.uasset" 35
"../../../Engine/Content/BufferVisualization/Metallic.uasset" 36
"../../../Engine/Content/BufferVisualization/Opacity.uasset" 37
"../../../Engine/Content/BufferVisualization/PostTonemapHDRColor.uasset" 38
"../../../Engine/Content/BufferVisualization/PreTonemapHDRColor.uasset" 39
"../../../Engine/Content/BufferVisualization/Roughness.uasset" 40
"../../../Engine/Content/BufferVisualization/SceneColor.uasset" 41
"../../../Engine/Content/BufferVisualization/SceneDepth.uasset" 42
"../../../Engine/Content/BufferVisualization/SceneDepthWorldUnits.uasset" 43
"../../../Engine/Content/BufferVisualization/SeparateTranslucencyA.uasset" 44
"../../../Engine/Content/BufferVisualization/SeparateTranslucencyRGB.uasset" 45
"../../../Engine/Content/BufferVisualization/Specular.uasset" 46
"../../../Engine/Content/BufferVisualization/SubsurfaceColor.uasset" 47
"../../../Engine/Content/BufferVisualization/Velocity.uasset" 48
"../../../Engine/Content/BufferVisualization/WorldNormal.uasset" 49
"../../../Engine/Content/EditorBlueprintResources/ActorMacros.uasset" 50
"../../../Engine/Content/EditorLandscapeResources/DataLayer.uasset" 51
"../../../Engine/Content/EditorLandscapeResources/DefaultAlphaTexture.uasset" 52
"../../../Engine/Content/EditorLandscapeResources/LandscapeGizmoHeight_Mat.uasset" 53
"../../../Engine/Content/EditorLandscapeResources/LandscapeGizmo_Mat.uasset" 54
"../../../Engine/Content/EditorLandscapeResources/LandscapeGizmo_Mat_Copied.uasset" 55
"../../../Engine/Content/EditorLandscapeResources/SplineEditorMeshMat.uasset" 56
"../../../Engine/Content/EditorLandscapeResources/SplineEditorMesh.uasset" 57
"../../../Engine/Content/EditorMaterials/Cross.uasset" 58
"../../../Engine/Content/EditorMaterials/Cross_Mat.uasset" 59
"../../../Engine/Content/EngineMaterials/DefaultDiffuse.uasset" 60
"../../../Engine/Content/Functions/Engine_MaterialFunctions01/Texturing/TextureCropping.uasset" 61
"../../../Engine/Content/Functions/Engine_MaterialFunctions01/Texturing/ComputeMipLevel.uasset" 62
"../../../Engine/Content/Functions/Engine_MaterialFunctions02/ExampleContent/DebugNumberStrip.uasset" 63
"../../../Engine/Content/Functions/Engine_MaterialFunctions02/ExampleContent/Textures/DebugNumberPeriod.uasset" 64
"../../../Engine/Content/Functions/Engine_MaterialFunctions02/Utility/DebugScalarValues.uasset" 65
"../../../Engine/Content/Functions/Engine_MaterialFunctions02/Utility/DebugFloat2Values.uasset" 66
"../../../Engine/Content/Functions/Engine_MaterialFunctions02/ExampleContent/Textures/flipbook.uasset" 67
"../../../Engine/Content/Functions/Engine_MaterialFunctions02/Texturing/FlipBook.uasset" 68
"../../../Engine/Content/Functions/Engine_MaterialFunctions02/Utility/Sign.uasset" 69
"../../../Engine/Content/Functions/Engine_MaterialFunctions02/Utility/Round.uasset" 70
"../../../Engine/Content/EditorResources/T_EditorHelp.uasset" 71
"../../../Engine/Content/EditorMaterials/HelpActorMaterial.uasset" 72
"../../../Engine/Content/EditorMaterials/CompositeARGBLayer.uasset" 73
"../../../Engine/Content/EditorMaterials/TilingAALineIntegral.uasset" 74
"../../../Engine/Content/EditorMaterials/TilingAALineBoxFiltered.uasset" 75
"../../../Engine/Content/Functions/Engine_MaterialFunctions03/Procedurals/ComputeFilterWidth.uasset" 76
"../../../Engine/Content/EditorMaterials/TilingAADots.uasset" 77
"../../../Engine/Content/EngineMaterials/BlendFunc_DefBase.uasset" 78
"../../../Engine/Content/EngineMaterials/BlendFunc_DefBlend.uasset" 79
"../../../Engine/Content/Functions/Engine_MaterialFunctions03/Blends/Blend_Screen.uasset" 80
"../../../Engine/Content/EditorMaterials/TilingAAGrid.uasset" 81
"../../../Engine/Content/EditorMaterials/LevelGridMaterial.uasset" 82
"../../../Engine/Content/EditorMaterials/MakeCompositeARGBLayer.uasset" 83
"../../../Engine/Content/EditorResources/LevelGrid1DStripes.uasset" 84
"../../../Engine/Content/EditorMaterials/TextureGridCascaded1D.uasset" 85
"../../../Engine/Content/EditorMaterials/TextureGridCascaded2D.uasset" 86
"../../../Engine/Content/EditorMaterials/LevelGridMaterial2.uasset" 87
"../../../Engine/Content/EditorMaterials/MAT_Groups_Toggle.uasset" 88
"../../../Engine/Content/EditorMaterials/MAT_Groups_Visibility.uasset" 89
"../../../Engine/Content/EditorMaterials/AntialiasedGridFloor.uasset" 90
"../../../Engine/Content/EditorResources/TilePatine_D.uasset" 91
"../../../Engine/Content/EditorResources/TilePatine_N.uasset" 92
"../../../Engine/Content/EngineMaterials/Grid.uasset" 93
"../../../Engine/Content/EditorMaterials/PersonaFloorMat.uasset" 94
"../../../Engine/Content/EditorMaterials/PhAT_BoneSelectedMaterial.uasset" 95
"../../../Engine/Content/EditorMaterials/PhAT_ElemSelectedMaterial.uasset" 96
"../../../Engine/Content/EditorMaterials/PhAT_NoCollisionMaterial.uasset" 97
"../../../Engine/Content/EditorMaterials/PhAT_UnselectedMaterial.uasset" 98
"../../../Engine/Content/EditorMaterials/PreviewShadowIndicator.uasset" 99
"../../../Engine/Content/EditorMaterials/PreviewShadowIndicatorMaterial.uasset" 100
"../../../Engine/Content/EditorMaterials/TargetIcon.uasset" 101
"../../../Engine/Content/EditorMaterials/Tick.uasset" 102
"../../../Engine/Content/EditorMaterials/Tick_Mat.uasset" 103
"../../../Engine/Content/EditorMaterials/WidgetGridVertexColorMaterial.uasset" 104
"../../../Engine/Content/EditorMaterials/WidgetGridVertexColorMaterial_Ma.uasset" 105
"../../../Engine/Content/EditorMaterials/WidgetMaterial.uasset" 106
"../../../Engine/Content/EditorMaterials/WidgetMaterial_Current.uasset" 107
"../../../Engine/Content/EditorMaterials/WidgetMaterial_X.uasset" 108
"../../../Engine/Content/EditorMaterials/WidgetMaterial_Y.uasset" 109
"../../../Engine/Content/EditorMaterials/WidgetMaterial_Z.uasset" 110
"../../../Engine/Content/EditorMaterials/WidgetVertexColorMaterial.uasset" 111
"../../../Engine/Content/EditorMaterials/MatineeGroups/MAT_ColorTrack.uasset" 112
"../../../Engine/Content/EditorMaterials/MatineeGroups/MAT_Groups_Anim.uasset" 113
"../../../Engine/Content/EditorMaterials/MatineeGroups/MAT_Groups_AudioMaster.uasset" 114
"../../../Engine/Content/EditorMaterials/MatineeGroups/MAT_Groups_Director.uasset" 115
"../../../Engine/Content/EditorMaterials/MatineeGroups/MAT_Groups_Event.uasset" 116
"../../../Engine/Content/EditorMaterials/MatineeGroups/MAT_Groups_Fade.uasset" 117
"../../../Engine/Content/EditorMaterials/MatineeGroups/MAT_Groups_Float.uasset" 118
"../../../Engine/Content/EditorMaterials/MatineeGroups/MAT_Groups_Move.uasset" 119
"../../../Engine/Content/EditorMaterials/MatineeGroups/MAT_Groups_Slomo.uasset" 120
"../../../Engine/Content/EditorMaterials/MatineeGroups/MAT_Groups_Sound.uasset" 121
"../../../Engine/Content/EditorMaterials/MatineeGroups/MAT_Groups_Vector.uasset" 122
"../../../Engine/Content/EditorMaterials/ParticleSystems/PSysThumbnail_NoImage.uasset" 123
"../../../Engine/Content/EditorMaterials/ParticleSystems/PSysThumbnail_OOD.uasset" 124
"../../../Engine/Content/EditorMaterials/Thumbnails/FloorPlaneMaterial.uasset" 125
"../../../Engine/Content/EditorMeshes/EditorCube.uasset" 126
"../../../Engine/Content/EditorMeshes/EditorCylinder.uasset" 127
"../../../Engine/Content/EditorMaterials/Thumbnails/SkySphereMaterial.uasset" 128
"../../../Engine/Content/EditorMeshes/EditorSkySphere.uasset" 129
"../../../Engine/Content/EditorMeshes/EditorSphere.uasset" 130
"../../../Engine/Content/EditorResources/MatineeCam_D.uasset" 131
"../../../Engine/Content/EditorMaterials/MatineeCam_mat.uasset" 132
"../../../Engine/Content/EditorMeshes/MatineeCam_SM.uasset" 133
"../../../Engine/Content/Functions/Engine_MaterialFunctions01/Shading/ConvertFromDiffSpec.uasset" 134
"../../../Engine/Content/EditorMaterials/GridMaterial.uasset" 135
"../../../Engine/Content/EditorMeshes/PhAT_FloorBox.uasset" 136
"../../../Engine/Content/EditorMeshes/PlanarReflectionPlane.uasset" 137
"../../../Engine/Content/EditorMaterials/Camera/CineMat.uasset" 138
"../../../Engine/Content/EditorMaterials/Camera/MI_CineMat_CameraBody.uasset" 139
"../../../Engine/Content/EngineDebugMaterials/M_SimpleOpaque.uasset" 140
"../../../Engine/Content/EditorMaterials/Camera/MI_CineMat_CamViewFinder.uasset" 141
"../../../Engine/Content/EditorMeshes/Camera/SM_CineCam.uasset" 142
"../../../Engine/Content/EditorMaterials/Camera/MI_CineMat_Rig.uasset" 143
"../../../Engine/Content/EditorMeshes/Camera/SM_CraneRig_Arm.uasset" 144
"../../../Engine/Content/EditorMeshes/Camera/SM_CraneRig_Base.uasset" 145
"../../../Engine/Content/EditorMeshes/Camera/SM_CraneRig_Body.uasset" 146
"../../../Engine/Content/EditorMeshes/Camera/SM_CraneRig_Mount.uasset" 147
"../../../Engine/Content/EditorMeshes/Camera/SM_RailRig_Mount.uasset" 148
"../../../Engine/Content/EditorMeshes/Camera/SM_RailRig_Track.uasset" 149
"../../../Engine/Content/EditorResources/Bad.uasset" 150
"../../../Engine/Content/EditorResources/BSPVertex.uasset" 151
"../../../Engine/Content/EditorResources/EmptyActor.uasset" 152
"../../../Engine/Content/EditorResources/MatInstActSprite.uasset" 153
"../../../Engine/Content/EditorResources/SceneManager.uasset" 154
"../../../Engine/Content/EditorResources/SmallFont.uasset" 155
"../../../Engine/Content/EditorResources/S_Actor.uasset" 156
"../../../Engine/Content/EditorResources/S_CameraShakeSource.uasset" 157
"../../../Engine/Content/EditorResources/S_DecalActorIcon.uasset" 158
"../../../Engine/Content/EditorResources/S_Emitter.uasset" 159
"../../../Engine/Content/EditorResources/S_ExpoHeightFog.uasset" 160
"../../../Engine/Content/EditorResources/S_FTest.uasset" 161
"../../../Engine/Content/EditorResources/S_KBSJoint.uasset" 162
"../../../Engine/Content/EditorResources/S_KHinge.uasset" 163
"../../../Engine/Content/EditorResources/S_KPrismatic.uasset" 164
"../../../Engine/Content/EditorResources/S_LevelSequence.uasset" 165
"../../../Engine/Content/EditorResources/S_NavP.uasset" 166
"../../../Engine/Content/EditorResources/S_Note.uasset" 167
"../../../Engine/Content/EditorResources/S_Player.uasset" 168
"../../../Engine/Content/EditorResources/S_PortalActorIcon2.uasset" 169
"../../../Engine/Content/EditorResources/S_RadForce.uasset" 170
"../../../Engine/Content/EditorResources/S_ReflActorIcon.uasset" 171
"../../../Engine/Content/EditorResources/S_SkyAtmosphere.uasset" 172
"../../../Engine/Content/EditorResources/S_Solver.uasset" 173
"../../../Engine/Content/EditorResources/S_Terrain.uasset" 174
"../../../Engine/Content/EditorResources/S_TextRenderActorIcon.uasset" 175
"../../../Engine/Content/EditorResources/S_Thruster.uasset" 176
"../../../Engine/Content/EditorResources/S_Trigger.uasset" 177
"../../../Engine/Content/EditorResources/S_VectorFieldVol.uasset" 178
"../../../Engine/Content/EditorResources/S_WindDirectional.uasset" 179
"../../../Engine/Content/EditorResources/AI/S_NavLink.uasset" 180
"../../../Engine/Content/EditorResources/AudioIcons/S_AudioComponent.uasset" 181
"../../../Engine/Content/EditorResources/LightIcons/SkyLight.uasset" 182
"../../../Engine/Content/EditorResources/LightIcons/S_LightDirectional.uasset" 183
"../../../Engine/Content/EditorResources/LightIcons/S_LightDirectionalMove.uasset" 184
"../../../Engine/Content/EditorResources/LightIcons/S_LightError.uasset" 185
"../../../Engine/Content/EditorResources/LightIcons/S_LightPoint.uasset" 186
"../../../Engine/Content/EditorResources/LightIcons/S_LightPointMove.uasset" 187
"../../../Engine/Content/EditorResources/LightIcons/S_LightSpot.uasset" 188
"../../../Engine/Content/EditorResources/LightIcons/S_LightSpotMove.uasset" 189
"../../../Engine/Content/EditorResources/SequenceRecorder/Countdown.uasset" 190
"../../../Engine/Content/EditorResources/SequenceRecorder/RecordingIndicator.uasset" 191
"../../../Engine/Content/EditorResources/Spline/T_Loft_Spline.uasset" 192
"../../../Engine/Content/EditorSounds/Notifications/CompileFailed.uasset" 193
"../../../Engine/Content/EditorSounds/Notifications/CompileFailed_Cue.uasset" 194
"../../../Engine/Content/EditorSounds/Notifications/CompileSuccess.uasset" 195
"../../../Engine/Content/EditorSounds/Notifications/CompileStart_Cue.uasset" 196
"../../../Engine/Content/EditorSounds/Notifications/CompileSuccess_Cue.uasset" 197
"../../../Engine/Content/EngineDamageTypes/DmgTypeBP_Environmental.uasset" 198
"../../../Engine/Content/EngineDebugMaterials/HeatmapGradient.uasset" 199
"../../../Engine/Content/EngineDebugMaterials/BoneWeightMaterial.uasset" 200
"../../../Engine/Content/EngineDebugMaterials/ClothMaterial.uasset" 201
"../../../Engine/Content/EngineDebugMaterials/ClothMaterial_WF.uasset" 202
"../../../Engine/Content/EngineDebugMaterials/DebugEditorMaterial.uasset" 203
"../../../Engine/Content/EngineDebugMaterials/DebugMeshMaterial.uasset" 204
"../../../Engine/Content/EngineDebugMaterials/GeomMaterial.uasset" 205
"../../../Engine/Content/EngineDebugMaterials/LevelColorationLitMaterial.uasset" 206
"../../../Engine/Content/EngineDebugMaterials/LevelColorationUnlitMaterial.uasset" 207
"../../../Engine/Content/EngineMaterials/DefaultWhiteGrid.uasset" 208
"../../../Engine/Content/EngineDebugMaterials/MAT_LevelColorationLitLightmapUV.uasset" 209
"../../../Engine/Content/EngineDebugMaterials/M_SimpleUnlitTranslucent.uasset" 210
"../../../Engine/Content/Functions/Engine_MaterialFunctions02/Utility/CameraDirectionVector.uasset" 211
"../../../Engine/Content/EngineDebugMaterials/VolumeToRender.uasset" 212
"../../../Engine/Content/EngineDebugMaterials/M_VolumeRenderSphereTracePP.uasset" 213
"../../../Engine/Content/EngineMaterials/DefaultWhiteGrid_Low.uasset" 214
"../../../Engine/Content/EngineDebugMaterials/PhysicalMaterialMaskMaterial.uasset" 215
"../../../Engine/Content/EngineDebugMaterials/ShadedLevelColorationLitMaterial.uasset" 216
"../../../Engine/Content/EngineDebugMaterials/ShadedLevelColorationUnlitMateri.uasset" 217
"../../../Engine/Content/EngineDebugMaterials/VertexColorMaterial.uasset" 218
"../../../Engine/Content/EngineDebugMaterials/VertexColorViewMode_AlphaAsColor.uasset" 219
"../../../Engine/Content/EngineDebugMaterials/VertexColorViewMode_BlueOnly.uasset" 220
"../../../Engine/Content/EngineDebugMaterials/VertexColorViewMode_ColorOnly.uasset" 221
"../../../Engine/Content/EngineDebugMaterials/VertexColorViewMode_GreenOnly.uasset" 222
"../../../Engine/Content/EngineDebugMaterials/VertexColorViewMode_RedOnly.uasset" 223
"../../../Engine/Content/EngineDebugMaterials/WireframeMaterial.uasset" 224
"../../../Engine/Content/EngineFonts/Faces/DroidSansFallback.uasset" 225
"../../../Engine/Content/EngineFonts/Faces/RobotoBold.uasset" 226
"../../../Engine/Content/EngineFonts/Faces/RobotoBoldItalic.uasset" 227
"../../../Engine/Content/EngineFonts/Faces/RobotoItalic.uasset" 228
"../../../Engine/Content/EngineFonts/Faces/RobotoLight.uasset" 229
"../../../Engine/Content/EngineFonts/Faces/RobotoRegular.uasset" 230
"../../../Engine/Content/EngineFonts/Roboto.uasset" 231
"../../../Engine/Content/EngineFonts/Faces/RobotoTiny.uasset" 232
"../../../Engine/Content/EngineFonts/RobotoTiny.uasset" 233
"../../../Engine/Content/EngineFonts/SmallFont.uasset" 234
"../../../Engine/Content/EngineFonts/TinyFont.uasset" 235
"../../../Engine/Content/EngineMaterials/BaseFlattenDiffuseMap.uasset" 236
"../../../Engine/Content/EngineMaterials/BaseFlattenEmissiveMap.uasset" 237
"../../../Engine/Content/EngineMaterials/BaseFlattenGrayscaleMap.uasset" 238
"../../../Engine/Content/EngineMaterials/BaseFlattenNormalMap.uasset" 239
"../../../Engine/Content/EngineMaterials/BaseFlattenMaterial.uasset" 240
"../../../Engine/Content/EngineResources/WhiteSquareTexture.uasset" 241
"../../../Engine/Content/EngineMaterials/BlinkingCaret.uasset" 242
"../../../Engine/Content/EngineMaterials/BlueNoise.uasset" 243
"../../../Engine/Content/EngineMaterials/DefaultBloomKernel.uasset" 244
"../../../Engine/Content/EngineMaterials/DefaultBokeh.uasset" 245
"../../../Engine/Content/EngineMaterials/DefaultDeferredDecalMaterial.uasset" 246
"../../../Engine/Content/EngineMaterials/DefaultLightFunctionMaterial.uasset" 247
"../../../Engine/Content/EngineMaterials/DefaultPostProcessMaterial.uasset" 248
"../../../Engine/Content/EngineFonts/RobotoDistanceField.uasset" 249
"../../../Engine/Content/EngineMaterials/DefaultTextMaterialOpaque.uasset" 250
"../../../Engine/Content/EngineMaterials/EditorBrushMaterial.uasset" 251
"../../../Engine/Content/EngineMaterials/EmissiveMeshMaterial.uasset" 252
"../../../Engine/Content/EngineMaterials/GizmoMaterial.uasset" 253
"../../../Engine/Content/EngineMaterials/Good64x64TilingNoiseHighFreq.uasset" 254
"../../../Engine/Content/EngineMaterials/Grid_N.uasset" 255
"../../../Engine/Content/EngineMaterials/HighResolutionScreenshotMaskFunction.uasset" 256
"../../../Engine/Content/EngineMaterials/HighResScreenshot.uasset" 257
"../../../Engine/Content/EngineMaterials/HighResScreenshotCaptureRegion.uasset" 258
"../../../Engine/Content/EngineMaterials/HighResScreenshotMask.uasset" 259
"../../../Engine/Content/EngineMaterials/LandscapeHolePhysicalMaterial.uasset" 260
"../../../Engine/Content/EngineMaterials/InvalidLightmapSettings.uasset" 261
"../../../Engine/Content/EngineMaterials/M_InvalidLightmapSettings.uasset" 262
"../../../Engine/Content/EngineMaterials/PaperDiffuse.uasset" 263
"../../../Engine/Content/EngineMaterials/PaperNormal.uasset" 264
"../../../Engine/Content/Functions/Engine_MaterialFunctions02/WorldPositionOffset/CameraOffset.uasset" 265
"../../../Engine/Content/EngineMaterials/PhAT_JointLimitMaterial.uasset" 266
"../../../Engine/Content/EngineMaterials/PhysMat_Rubber.uasset" 267
"../../../Engine/Content/EngineMaterials/PreintegratedSkinBRDF.uasset" 268
"../../../Engine/Content/EngineMaterials/RemoveSurfaceMaterial.uasset" 269
"../../../Engine/Content/EngineMaterials/WeightMapPlaceholderTexture.uasset" 270
"../../../Engine/Content/Functions/Engine_MaterialFunctions01/ImageAdjustment/sRGBToLinear.uasset" 271
"../../../Engine/Content/Functions/Engine_MaterialFunctions02/Utility/BreakOutFloat3Components.uasset" 272
"../../../Engine/Content/EngineMaterials/Widget3DCameraPassThrough_Opaque_OneSided.uasset" 273
"../../../Engine/Content/EngineMaterials/Widget3DPassThrough.uasset" 274
"../../../Engine/Content/EngineMaterials/Widget3DPassThrough_Masked.uasset" 275
"../../../Engine/Content/EngineMaterials/Widget3DPassThrough_Opaque.uasset" 276
"../../../Engine/Content/EngineMaterials/Widget3DPassThrough_Masked_OneSided.uasset" 277
"../../../Engine/Content/EngineMaterials/Widget3DPassThrough_Opaque_OneSided.uasset" 278
"../../../Engine/Content/EngineMaterials/Widget3DPassThrough_Translucent.uasset" 279
"../../../Engine/Content/EngineMaterials/Widget3DPassThrough_Translucent_OneSided.uasset" 280
"../../../Engine/Content/EngineMeshes/Cube.uasset" 281
"../../../Engine/Content/EngineMeshes/Cylinder.uasset" 282
"../../../Engine/Content/EngineMeshes/Sphere.uasset" 283
"../../../Engine/Content/EngineResources/Black.uasset" 284
"../../../Engine/Content/EngineResources/DefaultTextureCube.uasset" 285
"../../../Engine/Content/EngineResources/DefaultVolumeTexture2D.uasset" 286
"../../../Engine/Content/EngineResources/DefaultVolumeTexture.uasset" 287
"../../../Engine/Content/EngineResources/GradientTexture0.uasset" 288
"../../../Engine/Content/EngineResources/StreamingPauseIcon.uasset" 289
"../../../Engine/Content/EngineResources/M_StreamingPause.uasset" 290
"../../../Engine/Content/EngineSounds/Master.uasset" 291
"../../../Engine/Content/Maps/Templates/Thumbnails/Default.uasset" 292
"../../../Engine/Content/Maps/Templates/Thumbnails/TimeOfDay.uasset" 293
"../../../Engine/Content/Maps/Templates/Thumbnails/VR-Basic.uasset" 294
"../../../Engine/Content/MapTemplates/Sky/DaylightAmbientCubemap.uasset" 295
"../../../Engine/Content/MapTemplates/Sky/T_Sky_Stars.uasset" 296
"../../../Engine/Content/MapTemplates/Sky/T_UDK_Sky_CloudMask01_N.uasset" 297
"../../../Engine/Content/MapTemplates/T_UDK_Sky_CloudMask03.uasset" 298
"../../../Engine/Content/MapTemplates/Sky/M_Procedural_Sky_MASTER02.uasset" 299
"../../../Engine/Content/MapTemplates/Sky/SM_SkySphere.uasset" 300
"../../../Engine/Content/MobileResources/T_MobileControls_texture.uasset" 301
"../../../Engine/Content/MobileResources/T_MobileMenu2.uasset" 302
"../../../Engine/Content/MobileResources/HUD/AnalogHat.uasset" 303
"../../../Engine/Content/MobileResources/HUD/VirtualJoystick_Background.uasset" 304
"../../../Engine/Content/MobileResources/HUD/VirtualJoystick_Thumb.uasset" 305
"../../../Engine/Content/MobileResources/HUD/DefaultVirtualJoysticks.uasset" 306
"../../../Engine/Content/MobileResources/HUD/LeftVirtualJoystickOnly.uasset" 307
"../../../Engine/Content/MobileResources/HUD/MobileHUDButton1_off.uasset" 308
"../../../Engine/Content/MobileResources/HUD/MobileHUDButton1_on.uasset" 309
"../../../Engine/Content/MobileResources/HUD/MobileHUDButton2_off.uasset" 310
"../../../Engine/Content/MobileResources/HUD/MobileHUDButton2_on.uasset" 311
"../../../Engine/Content/MobileResources/HUD/MobileHUDButton3.uasset" 312
"../../../Engine/Content/MobileResources/HUD/MobileHUDButtonFire.uasset" 313
"../../../Engine/Content/MobileResources/HUD/MobileHUDDirectionPad.uasset" 314
"../../../Engine/Content/MobileResources/HUD/MobileHUDDirectionPad2.uasset" 315
"../../../Engine/Content/MobileResources/HUD/MobileHUDDirectionPad3.uasset" 316
"../../../Engine/Content/MobileResources/HUD/MobileHUDDirectionStick.uasset" 317
"../../../Engine/Content/MobileResources/HUD/T_Castle_ThumbstickInner.uasset" 318
"../../../Engine/Content/MobileResources/HUD/T_Castle_ThumbstickOutter.uasset" 319
"../../../Engine/Content/Tutorial/ContentIntroCurve.uasset" 320
"../../../Engine/Content/Tutorial/Basics/LevelEditorAttract.uasset" 321
"../../../Engine/Content/Tutorial/Basics/TutorialAssets/icon_tab_Levels_40x.uasset" 322
"../../../Engine/Content/Tutorial/Basics/LevelEditorOverview.uasset" 323
"../../../Engine/Content/Tutorial/BlueprintTutorials/TutorialAssets/Blueprint_64x.uasset" 324
"../../../Engine/Content/Tutorial/BlueprintTutorials/BlueprintEditorTutorial.uasset" 325
"../../../Engine/Content/Tutorial/BlueprintTutorials/TutorialAssets/Tutorial_BP_MacroLib.uasset" 326
"../../../Engine/Content/Tutorial/SubEditors/StaticMeshEditorTutorial.uasset" 327
"../../../Engine/Content/VREditor/LaserPointer/VR_LaserPower_01.uasset" 328
"../../../Engine/Content/VREditor/TransformGizmo/TransformGizmoMaterial.uasset" 329
"../../../Engine/Content/VREditor/TransformGizmo/TranslucentTransformGizmoMaterial.uasset" 330
"../../../Engine/Content/VREditor/TransformGizmo/BoundingBoxCorner.uasset" 331
"../../../Engine/Content/VREditor/TransformGizmo/BoundingBoxEdge.uasset" 332
"../../../Engine/Content/VREditor/TransformGizmo/PlaneTranslationHandle.uasset" 333
"../../../Engine/Content/VREditor/TransformGizmo/Main.uasset" 334
"../../../Engine/Content/VREditor/TransformGizmo/Xray.uasset" 335
"../../../Engine/Content/VREditor/TransformGizmo/SM_Sequencer_Key.uasset" 336
"../../../Engine/Content/VREditor/TransformGizmo/SM_Sequencer_Node.uasset" 337
"../../../Engine/Content/Animation/DefaultAnimBoneCompressionSettings.uasset" 338
"../../../Engine/Content/Animation/DefaultAnimCurveCompressionSettings.uasset" 339
"../../Plugins/2D/Paper2D/Content/PlaceholderTextures/DummySpriteTexture.uasset" 340
"../../Plugins/2D/Paper2D/Content/DummySprite.uasset" 341
"../../Plugins/2D/Paper2D/Content/DefaultPaperTerrainMaterial.uasset" 342
"../../Plugins/2D/Paper2D/Content/DefaultSpriteMaterial.uasset" 343
"../../Plugins/2D/Paper2D/Content/MaskedUnlitSpriteMaterial.uasset" 344
"../../Plugins/2D/Paper2D/Content/OpaqueUnlitSpriteMaterial.uasset" 345
"../../Plugins/FX/Niagara/Content/Enums/ENiagaraAnimTrailWidthMode.uasset" 346
"../../Plugins/FX/Niagara/Content/Enums/ENiagaraBoneSamplingMode.uasset" 347
"../../Plugins/FX/Niagara/Content/Enums/ENiagaraBoneSocketSamplingMode.uasset" 348
"../../Plugins/FX/Niagara/Content/Enums/ENiagaraBooleanLogicOps.uasset" 349
"../../Plugins/FX/Niagara/Content/Enums/ENiagaraBooleanLogicOps_v2.uasset" 350
"../../Plugins/FX/Niagara/Content/Enums/ENiagaraCalculateRadiusOptions.uasset" 351
"../../Plugins/FX/Niagara/Content/Enums/ENiagaraChannelCorrelation.uasset" 352
"../../Plugins/FX/Niagara/Content/Enums/ENiagaraCollisionRadiusOptions.uasset" 353
"../../Plugins/FX/Niagara/Content/Enums/ENiagaraCoordinateSpace.uasset" 354
"../../Plugins/FX/Niagara/Content/Enums/ENiagaraCurlNoiseQuality.uasset" 355
"../../Plugins/FX/Niagara/Content/Enums/ENiagaraEmitterLifeCycleMode.uasset" 356
"../../Plugins/FX/Niagara/Content/Enums/ENiagaraEmitterScalabilityMode.uasset" 357
"../../Plugins/FX/Niagara/Content/Enums/ENiagaraEmitterScalabilityMode_Limited.uasset" 358
"../../Plugins/FX/Niagara/Content/Enums/ENiagaraExecutionStateManagement.uasset" 359
"../../Plugins/FX/Niagara/Content/Enums/ENiagaraExpansionMode.uasset" 360
"../../Plugins/FX/Niagara/Content/Enums/ENiagaraFrictionMergeType.uasset" 361
"../../Plugins/FX/Niagara/Content/Enums/ENiagaraGPUDepthResponseType.uasset" 362
"../../Plugins/FX/Niagara/Content/Enums/ENiagaraGridPlacementType.uasset" 363
"../../Plugins/FX/Niagara/Content/Enums/ENiagaraInactiveMode.uasset" 364
"../../Plugins/FX/Niagara/Content/Enums/ENiagaraKillVolumeOptions.uasset" 365
"../../Plugins/FX/Niagara/Content/Enums/ENiagaraLinearColor_Channels.uasset" 366
"../../Plugins/FX/Niagara/Content/Enums/ENiagaraMassByVolume.uasset" 367
"../../Plugins/FX/Niagara/Content/Enums/ENiagaraMassCalculationForRendererTypes.uasset" 368
"../../Plugins/FX/Niagara/Content/Enums/ENiagaraMeshOrSprite.uasset" 369
"../../Plugins/FX/Niagara/Content/Enums/ENiagaraMeshSamplingMode.uasset" 370
"../../Plugins/FX/Niagara/Content/Enums/ENiagaraMeshSurfaceSamplingMode.uasset" 371
"../../Plugins/FX/Niagara/Content/Enums/ENiagaraMeshTransforms.uasset" 372
"../../Plugins/FX/Niagara/Content/Enums/ENiagaraMinOrMax.uasset" 373
"../../Plugins/FX/Niagara/Content/Enums/ENiagaraOrientationAxis.uasset" 374
"../../Plugins/FX/Niagara/Content/Enums/ENiagaraRandomnessMode.uasset" 375
"../../Plugins/FX/Niagara/Content/Enums/ENiagaraRestitutionMergeType.uasset" 376
"../../Plugins/FX/Niagara/Content/Enums/ENiagaraScaleColorMode.uasset" 377
"../../Plugins/FX/Niagara/Content/Enums/ENiagaraSimulationTarget.uasset" 378
"../../Plugins/FX/Niagara/Content/Enums/ENiagaraSkeletalSpawning.uasset" 379
"../../Plugins/FX/Niagara/Content/Enums/ENiagaraSkelSamplingFilteringMode.uasset" 380
"../../Plugins/FX/Niagara/Content/Enums/ENiagaraSkelSamplingModeFull.uasset" 381
"../../Plugins/FX/Niagara/Content/Enums/ENiagaraSocketSamplingMode.uasset" 382
"../../Plugins/FX/Niagara/Content/Enums/ENiagaraSUbUVAnimationMode.uasset" 383
"../../Plugins/FX/Niagara/Content/Enums/ENiagaraSystemInactiveMode.uasset" 384
"../../Plugins/FX/Niagara/Content/Enums/ENiagaraTorusDistributionMode.uasset" 385
"../../Plugins/FX/Niagara/Content/Enums/ENiagaraTorusMode.uasset" 386
"../../Plugins/FX/Niagara/Content/Enums/ENiagaraTriangleSamplingMode.uasset" 387
"../../Plugins/FX/Niagara/Content/Enums/ENiagaraVector2_Channels.uasset" 388
"../../Plugins/FX/Niagara/Content/Enums/ENiagaraVector3_Channels.uasset" 389
"../../Plugins/FX/Niagara/Content/Enums/ENiagaraVector4_Channels.uasset" 390
"../../Plugins/FX/Niagara/Content/Enums/ENiagaraVertexFilteringMode.uasset" 391
"../../Plugins/FX/Niagara/Content/Enums/ENiagaraVertexSamplingMode.uasset" 392
"../../Plugins/FX/Niagara/Content/Enums/ENiagara_CameraMeshOrientation.uasset" 393
"../../Plugins/FX/Niagara/Content/Enums/ENiagara_CameraProperties.uasset" 394
"../../Plugins/FX/Niagara/Content/Enums/ENiagara_CollisionType.uasset" 395
"../../Plugins/FX/Niagara/Content/Enums/ENiagara_CPUCollisionType.uasset" 396
"../../Plugins/FX/Niagara/Content/Enums/ENiagara_EmitterStateOptions.uasset" 397
"../../Plugins/FX/Niagara/Content/Enums/ENiagara_Float4Channel.uasset" 398
"../../Plugins/FX/Niagara/Content/Enums/ENiagara_GPUCollisionType.uasset" 399
"../../Plugins/FX/Niagara/Content/Enums/ENiagara_InfiniteLoopDuration.uasset" 400
"../../Plugins/FX/Niagara/Content/Icons/S_ParticleSystem.uasset" 401
"../../../Engine/Content/Functions/Engine_MaterialFunctions02/Utility/BlendAngleCorrectedNormals.uasset" 402
"../../Plugins/Marketplace/DirGravity/Content/Textures/T_BigNormal_N.uasset" 403
"../../Plugins/Marketplace/DirGravity/Content/Textures/T_OceonFoam2_M.uasset" 404
"../../Plugins/Marketplace/DirGravity/Content/Textures/T_OceonNormalShift2_M.uasset" 405
"../../Plugins/Marketplace/DirGravity/Content/Textures/T_OceonNormalShift2_N.uasset" 406
"../../Plugins/Marketplace/DirGravity/Content/Assets/Materials/M_WaterSIn.uasset" 407
"../../Plugins/Marketplace/DirGravity/Content/Assets/Materials/M_WaterSIn_Inst.uasset" 408
"../../Plugins/Marketplace/DirGravity/Content/Assets/Meshes/SM_Ocean.uasset" 409
"../../../Engine/Content/EngineMeshes/Humanoid.uasset" 410
"../../../../../../Users/huy/Documents/GitHub/Planetary-Devastation/Content/Female_Mannequin/Skeletons_and_physics/SKEL_Male_Mannequin.uasset" 411
"../../../../../../Users/huy/Documents/GitHub/Planetary-Devastation/Content/Female_Mannequin/Animations/Male/A_ThirdPersonJump_End.uasset" 412
"../../../../../../Users/huy/Documents/GitHub/Planetary-Devastation/Content/Female_Mannequin/Animations/Male/A_ThirdPersonJump_Loop.uasset" 413
"../../../../../../Users/huy/Documents/GitHub/Planetary-Devastation/Content/Female_Mannequin/Animations/Male/A_ThirdPersonJump_Start.uasset" 414
"../../../../../../Users/huy/Documents/GitHub/Planetary-Devastation/Content/Female_Mannequin/Animations/Male/A_PO_CustomRun_tight_arms_Male.uasset" 415
"../../../../../../Users/huy/Documents/GitHub/Planetary-Devastation/Content/Female_Mannequin/Animations/Male/A_ThirdPersonIdle_EditedRelaxed_with_blink_curve_Male.uasset" 416
"../../../../../../Users/huy/Documents/GitHub/Planetary-Devastation/Content/Female_Mannequin/Animations/Male/A_ThirdPersonWalk.uasset" 417
"../../../../../../Users/huy/Documents/GitHub/Planetary-Devastation/Content/Female_Mannequin/Animations/Male/BS_ThirdPerson_Male_IdleRun.uasset" 418
"../../../../../../Users/huy/Documents/GitHub/Planetary-Devastation/Content/Female_Mannequin/Animations/Male/ABP_ThirdPerson_Male.uasset" 419
"../../Plugins/Marketplace/DirGravity/Content/Character/Epic_Skeleton_Template_Skeleton.uasset" 420
"../../Plugins/Marketplace/DirGravity/Content/Character/aJump_End.uasset" 421
"../../Plugins/Marketplace/DirGravity/Content/Character/aJump_Start.uasset" 422
"../../Plugins/Marketplace/DirGravity/Content/Character/aJumpLoop.uasset" 423
"../../Plugins/Marketplace/DirGravity/Content/Character/aIdle.uasset" 424
"../../Plugins/Marketplace/DirGravity/Content/Character/Animations/RunBwdLoop.uasset" 425
"../../Plugins/Marketplace/DirGravity/Content/Character/Animations/RunFwdLoop.uasset" 426
"../../Plugins/Marketplace/DirGravity/Content/Character/Animations/RunLtLoop.uasset" 427
"../../Plugins/Marketplace/DirGravity/Content/Character/Animations/RunRtLoop.uasset" 428
"../../Plugins/Marketplace/DirGravity/Content/Character/Animations/RunStrafeLeft135Loop.uasset" 429
"../../Plugins/Marketplace/DirGravity/Content/Character/Animations/RunStrafeLeft45Loop.uasset" 430
"../../Plugins/Marketplace/DirGravity/Content/Character/Animations/RunStrafeRight135Loop.uasset" 431
"../../Plugins/Marketplace/DirGravity/Content/Character/Animations/RunStrafeRight45Loop.uasset" 432
"../../Plugins/Marketplace/DirGravity/Content/Character/Animations/StrafeLeft135Loop.uasset" 433
"../../Plugins/Marketplace/DirGravity/Content/Character/Animations/StrafeLeft45Loop.uasset" 434
"../../Plugins/Marketplace/DirGravity/Content/Character/Animations/StrafeLeftLoop.uasset" 435
"../../Plugins/Marketplace/DirGravity/Content/Character/Animations/StrafeRight135Loop.uasset" 436
"../../Plugins/Marketplace/DirGravity/Content/Character/Animations/StrafeRight45Loop.uasset" 437
"../../Plugins/Marketplace/DirGravity/Content/Character/Animations/StrafeRightLoop.uasset" 438
"../../Plugins/Marketplace/DirGravity/Content/Character/Animations/WalkBwdLoop.uasset" 439
"../../Plugins/Marketplace/DirGravity/Content/Character/Animations/WalkFwdLoop.uasset" 440
"../../Plugins/Marketplace/DirGravity/Content/Character/ClassicStrafeWalking.uasset" 441
"../../Plugins/Marketplace/DirGravity/Content/Character/EpicAnimBlueprint.uasset" 442
"../../Plugins/Marketplace/DirGravity/Content/Assets/Planet.uasset" 443
"../../Plugins/Marketplace/DirGravity/Content/ExampleActors/BP_GravityPlanet.uasset" 444
"../../Plugins/Marketplace/DirGravity/Content/Character/M_Template_Master.uasset" 445
"../../Plugins/Marketplace/DirGravity/Content/Character/Epic_Skeleton_Template.uasset" 446
"../../Plugins/Marketplace/DirGravity/Content/Character/BP_GravityCharacter.uasset" 447
"../../Plugins/Marketplace/DirGravity/Content/Character/BP_HumanGravityCharacter.uasset" 448
"../../../../../../Users/huy/Documents/GitHub/Planetary-Devastation/Content/InventorySystem/interact_interface.uasset" 449
"../../../../../../Users/huy/Documents/GitHub/Planetary-Devastation/Content/InventorySystem/inventoryUi/HUD.uasset" 450
"../../../../../../Users/huy/Documents/GitHub/Planetary-Devastation/Content/Blueprints/Player_Control.uasset" 451
"../../../../../../Users/huy/Documents/GitHub/Planetary-Devastation/Content/InventorySystem/itemFolder/item.uasset" 452
"../../../../../../Users/huy/Documents/GitHub/Planetary-Devastation/Content/InventorySystem/itemStructure.uasset" 453
"../../../../../../Users/huy/Documents/GitHub/Planetary-Devastation/Content/InventorySystem/slotStructure.uasset" 454
"../../../../../../Users/huy/Documents/GitHub/Planetary-Devastation/Content/InventorySystem/inventoryUi/inventorySlot.uasset" 455
"../../../../../../Users/huy/Documents/GitHub/Planetary-Devastation/Content/InventorySystem/inventoryUi/inventoryWindow.uasset" 456
"../../../../../../Users/huy/Documents/GitHub/Planetary-Devastation/Content/InventorySystem/inventoryComponenet.uasset" 457
"../../../../../../Users/huy/Documents/GitHub/Planetary-Devastation/Content/Female_Mannequin/Textures/BodyForms/T_Male_Form_AO.uasset" 458
"../../../../../../Users/huy/Documents/GitHub/Planetary-Devastation/Content/Female_Mannequin/Textures/BodyForms/T_Male_Form_D.uasset" 459
"../../../../../../Users/huy/Documents/GitHub/Planetary-Devastation/Content/Female_Mannequin/Textures/BodyForms/T_Male_Form_M.uasset" 460
"../../../../../../Users/huy/Documents/GitHub/Planetary-Devastation/Content/Female_Mannequin/Textures/BodyForms/T_Male_Form_N_ydown.uasset" 461
"../../../../../../Users/huy/Documents/GitHub/Planetary-Devastation/Content/Female_Mannequin/Textures/BodyForms/T_Male_Form_R.uasset" 462
"../../../../../../Users/huy/Documents/GitHub/Planetary-Devastation/Content/Female_Mannequin/Materials/BodyForms/M_Human_Form_master.uasset" 463
"../../../../../../Users/huy/Documents/GitHub/Planetary-Devastation/Content/Female_Mannequin/Materials/BodyForms/MI_Male_Form_GenderColor.uasset" 464
"../../../../../../Users/huy/Documents/GitHub/Planetary-Devastation/Content/Female_Mannequin/Skeletons_and_physics/PHYS_Male_Mannequin.uasset" 465
"../../../../../../Users/huy/Documents/GitHub/Planetary-Devastation/Content/Female_Mannequin/Meshes/BodyForms/SK_Male_Form.uasset" 466
"../../../../../../Users/huy/Documents/GitHub/Planetary-Devastation/Content/screenUi/screenUi.uasset" 467
"../../../../../../Users/huy/Documents/GitHub/Planetary-Devastation/Content/Blueprints/BP_Player.uasset" 468
"../../Plugins/Marketplace/DirGravity/Content/ExampleActors/BP_GravityGameMode.uasset" 469
"../../Plugins/Marketplace/DirGravity/Content/Textures/T_Sky54a2048LDR.uasset" 470
"../../Plugins/Marketplace/DirGravity/Content/Materials/M_Sky.uasset" 471
"../../../Engine/Content/Functions/Engine_MaterialFunctions02/Utility/BreakOutFloat4Components.uasset" 472
"../../Plugins/Runtime/Oculus/OculusVR/Content/Materials/OculusMR_ChromaKey.uasset" 473
"../../Plugins/Runtime/Oculus/OculusVR/Content/Materials/OculusMR_ChromaKey_Lit.uasset" 474
"../../Plugins/Runtime/Oculus/OculusVR/Content/Materials/OculusMR_OpaqueColoredMaterial.uasset" 475
"../../Plugins/Runtime/Oculus/OculusVR/Content/Materials/OculusMR_WhiteMaterial.uasset" 476
"../../../Engine/Content/Maps/Entry_BuiltData.uasset" 477
"../../../Engine/Content/Maps/Entry.umap" 478
"../../Plugins/Marketplace/DirGravity/Content/Textures/T_Toy_Cow_M.uasset" 479
"../../Plugins/Marketplace/DirGravity/Content/Textures/T_Toy_Cow_N.uasset" 480
"../../Plugins/Marketplace/DirGravity/Content/Assets/Materials/M_Toy_Cow.uasset" 481
"../../Plugins/Marketplace/DirGravity/Content/Assets/Meshes/SM_Toy_Cow.uasset" 482
"../../Plugins/Marketplace/DirGravity/Content/Character/StaticGravityCharacter.uasset" 483
"../../Plugins/Marketplace/DirGravity/Content/Assets/Textures/T_Space.uasset" 484
"../../../Engine/Content/EngineVolumetrics/LightBeam/Materials/T_EV_LightBeam_Falloff_01.uasset" 485
"../../Plugins/Marketplace/DirGravity/Content/Assets/Materials/M_Abduction_Beam.uasset" 486
"../../Plugins/Marketplace/DirGravity/Content/Textures/enter.uasset" 487
"../../Plugins/Marketplace/DirGravity/Content/Materials/M_enter.uasset" 488
"../../Plugins/Marketplace/DirGravity/Content/Assets/MaterialFunctions/ML_Dirt.uasset" 489
"../../Plugins/Marketplace/DirGravity/Content/Assets/MaterialFunctions/ML_Emissive.uasset" 490
"../../../Engine/Content/Functions/Engine_MaterialFunctions01/Texturing/FlattenNormal.uasset" 491
"../../Plugins/Marketplace/DirGravity/Content/Assets/Textures/T_ExampleLayers_Metal01_D.uasset" 492
"../../Plugins/Marketplace/DirGravity/Content/Assets/Textures/T_ExampleLayers_Metal01_N.uasset" 493
"../../Plugins/Marketplace/DirGravity/Content/Assets/MaterialFunctions/ML_Metal_Chrome.uasset" 494
"../../Plugins/Marketplace/DirGravity/Content/Assets/Textures/T_ExampleLayers_Plastic01_D.uasset" 495
"../../Plugins/Marketplace/DirGravity/Content/Assets/Textures/T_ExampleLayers_Plastic01_N.uasset" 496
"../../Plugins/Marketplace/DirGravity/Content/Assets/MaterialFunctions/ML_Plastic01.uasset" 497
"../../../Engine/Content/Functions/MaterialLayerFunctions/MatLayerBlend_Standard.uasset" 498
"../../Plugins/Marketplace/DirGravity/Content/Assets/Textures/T_UFO_02_M.uasset" 499
"../../Plugins/Marketplace/DirGravity/Content/Assets/Textures/T_UFO_M.uasset" 500
"../../Plugins/Marketplace/DirGravity/Content/Assets/Materials/M_UFO_Main.uasset" 501
"../../Plugins/Marketplace/DirGravity/Content/Assets/Materials/M_UFO_Main_Inst.uasset" 502
"../../Plugins/Marketplace/DirGravity/Content/Assets/Audio/UFO_BeamDrop01.uasset" 503
"../../Plugins/Marketplace/DirGravity/Content/Assets/Audio/UFO_BeamDrop02.uasset" 504
"../../Plugins/Marketplace/DirGravity/Content/Assets/Audio/UFO_BeamDrop_Cue.uasset" 505
"../../Plugins/Marketplace/DirGravity/Content/Assets/Audio/UFO_BeamPickUp03.uasset" 506
"../../Plugins/Marketplace/DirGravity/Content/Assets/Audio/UFO_BeamPickUp_Cue.uasset" 507
"../../Plugins/Marketplace/DirGravity/Content/Assets/Audio/UFO_Beam_Loop05.uasset" 508
"../../Plugins/Marketplace/DirGravity/Content/Assets/Audio/UFO_Beam_Loop12.uasset" 509
"../../Plugins/Marketplace/DirGravity/Content/Assets/Audio/UFO_BeamStart04.uasset" 510
"../../Plugins/Marketplace/DirGravity/Content/Assets/Audio/UFO_BeamStart08.uasset" 511
"../../Plugins/Marketplace/DirGravity/Content/Assets/Audio/UFO_BeamStart_Loop_Cue.uasset" 512
"../../Plugins/Marketplace/DirGravity/Content/Assets/Audio/UFO_BeamStop05.uasset" 513
"../../Plugins/Marketplace/DirGravity/Content/Assets/Audio/UFO_BeamStop_Cue.uasset" 514
"../../Plugins/Marketplace/DirGravity/Content/Assets/Audio/UFO_Flying_ImpactA01.uasset" 515
"../../Plugins/Marketplace/DirGravity/Content/Assets/Audio/UFO_Flying_ImpactA02.uasset" 516
"../../Plugins/Marketplace/DirGravity/Content/Assets/Audio/UFO_Flying_ImpactA03.uasset" 517
"../../Plugins/Marketplace/DirGravity/Content/Assets/Audio/UFO_Flying_ImpactA04.uasset" 518
"../../Plugins/Marketplace/DirGravity/Content/Assets/Audio/UFO_Flying_ImpactA05.uasset" 519
"../../Plugins/Marketplace/DirGravity/Content/Assets/Audio/UFO_Flying_ImpactB01.uasset" 520
"../../Plugins/Marketplace/DirGravity/Content/Assets/Audio/UFO_Flying_ImpactB02.uasset" 521
"../../Plugins/Marketplace/DirGravity/Content/Assets/Audio/UFO_Flying_ImpactB03.uasset" 522
"../../Plugins/Marketplace/DirGravity/Content/Assets/Audio/UFO_Flying_ImpactB04.uasset" 523
"../../Plugins/Marketplace/DirGravity/Content/Assets/Audio/UFO_Flying_ImpactB05.uasset" 524
"../../Plugins/Marketplace/DirGravity/Content/Assets/Audio/UFO_Flying_ImpactC01.uasset" 525
"../../Plugins/Marketplace/DirGravity/Content/Assets/Audio/UFO_Flying_ImpactC02.uasset" 526
"../../Plugins/Marketplace/DirGravity/Content/Assets/Audio/UFO_Flying_ImpactC03.uasset" 527
"../../Plugins/Marketplace/DirGravity/Content/Assets/Audio/UFO_Flying_ImpactC04.uasset" 528
"../../Plugins/Marketplace/DirGravity/Content/Assets/Audio/UFO_Flying_ImpactC05.uasset" 529
"../../Plugins/Marketplace/DirGravity/Content/Assets/Audio/UFO_Flying_Impact_Cue.uasset" 530
"../../Plugins/Marketplace/DirGravity/Content/Assets/Audio/UFO_Flying_Loop03.uasset" 531
"../../Plugins/Marketplace/DirGravity/Content/Assets/Audio/UFO_Jet.uasset" 532
"../../Plugins/Marketplace/DirGravity/Content/Assets/Audio/UFO_Flying_Loop_Cue.uasset" 533
"../../Plugins/Marketplace/DirGravity/Content/Assets/Audio/UFO_FlyingActivate03.uasset" 534
"../../Plugins/Marketplace/DirGravity/Content/Assets/Audio/UFO_FlyingActivate_Cue.uasset" 535
"../../Plugins/Marketplace/DirGravity/Content/Assets/Audio/UFO_FlyingDeactivate03.uasset" 536
"../../Plugins/Marketplace/DirGravity/Content/Assets/Audio/UFO_FlyingDeactivate_Cue.uasset" 537
"../../Plugins/Marketplace/DirGravity/Content/Assets/Audio/UFO_Turbo01.uasset" 538
"../../Plugins/Marketplace/DirGravity/Content/Assets/Audio/UFO_Turbo_Cue.uasset" 539
"../../Plugins/Marketplace/DirGravity/Content/Assets/Materials/m_flare_01.uasset" 540
"../../Plugins/Marketplace/DirGravity/Content/Assets/Textures/T_sunflare.uasset" 541
"../../Plugins/Marketplace/DirGravity/Content/Assets/Materials/m_flare_03.uasset" 542
"../../Plugins/Marketplace/DirGravity/Content/Assets/Effects/P_Metal_Impact.uasset" 543
"../../Plugins/Marketplace/DirGravity/Content/Assets/Textures/T_Ring.uasset" 544
"../../Plugins/Marketplace/DirGravity/Content/Assets/Materials/M_Impact_Ripple.uasset" 545
"../../../Engine/Content/Functions/Engine_MaterialFunctions02/Utility/Swizzle.uasset" 546
"../../../Engine/Content/EngineVolumetrics/Fogsheet/Materials/T_EV_FogSheet_Falloff_02.uasset" 547
"../../Plugins/Marketplace/DirGravity/Content/Assets/Materials/M_Particle_Ribbon.uasset" 548
"../../Plugins/Marketplace/DirGravity/Content/Assets/Materials/M_Radial_Gradient.uasset" 549
"../../../Engine/Content/EditorMeshes/EditorPlane.uasset" 550
"../../Plugins/Marketplace/DirGravity/Content/Assets/Effects/P_UFO_Engine.uasset" 551
"../../Plugins/Marketplace/DirGravity/Content/Assets/Effects/P_UFO_Engine_Boost.uasset" 552
"../../../Engine/Content/EngineVolumetrics/LightBeam/Materials/T_EV_LightBeam_Falloff_03.uasset" 553
"../../Plugins/Marketplace/DirGravity/Content/Assets/Materials/M_Energy_Burst.uasset" 554
"../../Plugins/Marketplace/DirGravity/Content/Assets/Meshes/SM_Open_Cylinder.uasset" 555
"../../Plugins/Marketplace/DirGravity/Content/Assets/Effects/P_Vertical_Boost.uasset" 556
"../../Plugins/Marketplace/DirGravity/Content/Assets/Effects/P_Vertical_Boost_Inverted.uasset" 557
"../../Plugins/Marketplace/DirGravity/Content/Assets/Meshes/SM_UFO_Hub.uasset" 558
"../../Plugins/Marketplace/DirGravity/Content/Assets/Meshes/SM_UFO_Main.uasset" 559
"../../Plugins/Marketplace/DirGravity/Content/Assets/PhysicalMaterials/PM_UFO.uasset" 560
"../../../Engine/Content/EngineLightProfiles/NarrowComplex_IES.uasset" 561
"../../../Engine/Content/EngineVolumetrics/LightBeam/Materials/T_EV_DustPanner_01.uasset" 562
"../../../Engine/Content/EngineVolumetrics/LightBeam/Materials/T_EV_LightBeam_Falloff_02.uasset" 563
"../../../Engine/Content/EngineVolumetrics/LightBeam/Materials/M_EV_Lightbeam_Master_01.uasset" 564
"../../../Engine/Content/EngineVolumetrics/LightBeam/Mesh/S_EV_SimpleLightBeam_01.uasset" 565
"../../Plugins/Marketplace/DirGravity/Content/Blueprints/BP_UFO_Physics.uasset" 566
"../../../../../../Users/huy/Documents/GitHub/Planetary-Devastation/Content/Female_Mannequin/Materials/Env/M_Env_Basic_Master.uasset" 567
"../../../../../../Users/huy/Documents/GitHub/Planetary-Devastation/Content/Female_Mannequin/Meshes/Env/SM_1M_Cube.uasset" 568
"../../../../../../Users/huy/Documents/GitHub/Planetary-Devastation/Content/InventorySystem/itemFolder/item_testCube.uasset" 569
"../../../Engine/Content/Functions/Engine_MaterialFunctions02/Texturing/CustomRotator.uasset" 570
"../../Plugins/Enterprise/DatasmithContent/Content/Materials/FBXImporter/DeltaGenUVEdit.uasset" 571
"../../Plugins/Enterprise/DatasmithContent/Content/Materials/FBXImporter/DeltaGenBase.uasset" 572
"../../../Engine/Content/Functions/Engine_MaterialFunctions01/Gradient/LinearGradient.uasset" 573
"../../../Engine/Content/Functions/Engine_MaterialFunctions01/ImageAdjustment/CheapContrast.uasset" 574
"../../../Engine/Content/Functions/Engine_MaterialFunctions02/SafeNormalize.uasset" 575
"../../../Engine/Content/Functions/Engine_MaterialFunctions02/Math/CreateThirdOrthogonalVector.uasset" 576
"../../../Engine/Content/Functions/Engine_MaterialFunctions02/Math/Transform3x3Matrix.uasset" 577
"../../../Engine/Content/Functions/Engine_MaterialFunctions02/Texturing/HeightLerpWithTwoHeightMaps.uasset" 578
"../../../Engine/Content/Functions/Engine_MaterialFunctions02/WorldAlignedNormals_HighQuality.uasset" 579
"../../../Engine/Content/EngineMaterials/DefaultNormal_Uncompressed.uasset" 580
"../../../Engine/Content/Functions/Engine_MaterialFunctions02/Texturing/WorldAlignedTextures_Complex.uasset" 581
"../../../Engine/Content/EngineMaterials/DefaultNormal.uasset" 582
"../../../Engine/Content/EngineResources/DefaultTexture.uasset" 583
"../../Plugins/Enterprise/DatasmithContent/Content/Materials/FBXImporter/DeltaGenMasterClearCoat.uasset" 584
"../../Plugins/Marketplace/DirGravity/Content/Textures/T_Cliff_M.uasset" 585
"../../Plugins/Marketplace/DirGravity/Content/Textures/T_Cliff_N.uasset" 586
"../../Plugins/Marketplace/DirGravity/Content/Textures/T_RocksCliffs_D.uasset" 587
"../../Plugins/Marketplace/DirGravity/Content/Textures/T_RocksCliffs_N.uasset" 588
"../../Plugins/Marketplace/DirGravity/Content/Textures/T_Sand_D.uasset" 589
"../../Plugins/Marketplace/DirGravity/Content/Textures/T_Sand_M.uasset" 590
"../../Plugins/Marketplace/DirGravity/Content/Textures/T_Sand_N2.uasset" 591
"../../Plugins/Marketplace/DirGravity/Content/Assets/Materials/M_Cliffs.uasset" 592
"../../Plugins/Marketplace/DirGravity/Content/Textures/T_GroundGrass_D.uasset" 593
"../../Plugins/Marketplace/DirGravity/Content/Textures/T_Noise_N.uasset" 594
"../../Plugins/Marketplace/DirGravity/Content/Assets/Materials/M_Cow_Pasture.uasset" 595
"../../Plugins/Marketplace/DirGravity/Content/Textures/T_TilingNoise03_M.uasset" 596
"../../Plugins/Marketplace/DirGravity/Content/Assets/Materials/ML_VertexBlend_Alpha.uasset" 597
"../../../Engine/Content/Functions/Engine_MaterialFunctions01/Shading/FuzzyShading.uasset" 598
"../../Plugins/Marketplace/DirGravity/Content/Textures/T_COG_Foliage_Leaves_AO.uasset" 599
"../../Plugins/Marketplace/DirGravity/Content/Textures/T_COG_Foliage_Leaves_D.uasset" 600
"../../Plugins/Marketplace/DirGravity/Content/Textures/T_COG_Foliage_Leaves_N.uasset" 601
"../../Plugins/Marketplace/DirGravity/Content/Assets/Materials/M_Tree_Branches.uasset" 602
"../../../Engine/Content/Functions/Engine_MaterialFunctions01/Shading/PowerToRoughness.uasset" 603
"../../Plugins/Marketplace/DirGravity/Content/Textures/T_Bark01_D.uasset" 604
"../../Plugins/Marketplace/DirGravity/Content/Textures/T_Bark01_N.uasset" 605
"../../Plugins/Marketplace/DirGravity/Content/Assets/Materials/M_TreeTrunk01.uasset" 606
"../../../Engine/Content/EditorMeshes/ColorCalibrator/M_ChromeBall.uasset" 607
"../../../Engine/Content/VREditor/LaserPointer/M_LaserPointer-Core.uasset" 608
"../../Plugins/Marketplace/DirGravity/Content/Assets/Materials/M_Cow_Pasture_Inst.uasset" 609
"../../Plugins/Marketplace/DirGravity/Content/Textures/T_SandDunes_D.uasset" 610
"../../Plugins/Marketplace/DirGravity/Content/Textures/T_Water_01_N.uasset" 611
"../../Plugins/Marketplace/DirGravity/Content/Assets/Materials/M_Distance_Sand.uasset" 612
"../../Plugins/Marketplace/DirGravity/Content/Assets/Materials/M_Distance_Sand_Inst.uasset" 613
"../../../Engine/Content/Functions/Engine_MaterialFunctions01/ImageAdjustment/SCurve.uasset" 614
"../../../Engine/Content/Functions/Engine_MaterialFunctions02/TangentBasis.uasset" 615
"../../../Engine/Content/Functions/Engine_MaterialFunctions01/WorldPositionOffset/SplineThicken.uasset" 616
"../../Plugins/Marketplace/DirGravity/Content/Textures/T_HR_Grass01_D.uasset" 617
"../../Plugins/Marketplace/DirGravity/Content/Textures/T_HR_Grass01_N.uasset" 618
"../../Plugins/Marketplace/DirGravity/Content/Assets/Materials/M_HR_Grass_MASTER.uasset" 619
"../../Plugins/Marketplace/DirGravity/Content/Assets/Materials/M_HR_Grass_01_Inst.uasset" 620
"../../Plugins/Marketplace/DirGravity/Content/Assets/Materials/M_HR_Grass_01_B_Inst.uasset" 621
"../../Plugins/Marketplace/DirGravity/Content/Assets/Materials/M_HR_Grass_01_Flower_Inst.uasset" 622
"../../Plugins/Marketplace/DirGravity/Content/Assets/Meshes/S_BuildingSetA_Tree_02.uasset" 623
"../../Plugins/Marketplace/DirGravity/Content/Assets/Meshes/SM_Boulder02.uasset" 624
"../../Plugins/Marketplace/DirGravity/Content/Assets/Meshes/SM_HR_Grass01.uasset" 625
"../../Plugins/Marketplace/DirGravity/Content/Assets/Meshes/SM_HR_Grass04.uasset" 626
"../../../Engine/Content/Functions/Engine_MaterialFunctions02/Math/AddComponents.uasset" 627
"../../../Engine/Content/Functions/Engine_MaterialFunctions02/WorldPositionOffset/ObjectScale.uasset" 628
"../../../Engine/Content/Functions/Engine_MaterialFunctions02/WorldPositionOffset/Wind.uasset" 629
"../../../Engine/Content/Functions/Engine_MaterialFunctions02/PivotPainter/PivotPainter_TreeData.uasset" 630
"../../../Engine/Content/Functions/Engine_MaterialFunctions02/Utility/LinearSine.uasset" 631
"../../../Engine/Content/Functions/Engine_MaterialFunctions02/PivotPainter/TreeAnimationSines.uasset" 632
"../../../Engine/Content/Functions/Engine_MaterialFunctions02/SmoothThreshold.uasset" 633
"../../Plugins/Marketplace/DirGravity/Content/Textures/T_PalmTree_D.uasset" 634
"../../Plugins/Marketplace/DirGravity/Content/Textures/T_PalmTree_M.uasset" 635
"../../Plugins/Marketplace/DirGravity/Content/Textures/T_PalmTree_N.uasset" 636
"../../Plugins/Marketplace/DirGravity/Content/Assets/Materials/M_PalmTree.uasset" 637
"../../Plugins/Marketplace/DirGravity/Content/Assets/Materials/M_PalmTree_Inst_01.uasset" 638
"../../Plugins/Marketplace/DirGravity/Content/Assets/Materials/Mesh_PhyMat.uasset" 639
"../../Plugins/Marketplace/DirGravity/Content/Assets/Meshes/SM_PalmTree_01.uasset" 640
"../../Plugins/Marketplace/DirGravity/Content/Assets/Materials/M_Cliffs_Inst.uasset" 641
"../../Plugins/Marketplace/DirGravity/Content/Textures/T_RockStairs_N.uasset" 642
"../../Plugins/Marketplace/DirGravity/Content/Assets/Materials/M_Rockstairs_Inst.uasset" 643
"../../Plugins/Marketplace/DirGravity/Content/Assets/Meshes/SM_Rockstairs.uasset" 644
"../../../../../../Users/huy/Documents/GitHub/Planetary-Devastation/Content/Levels/huyTest.umap" 645
"../../../Engine/Content/EngineSky/C_Sky_Cloud_Color.uasset" 646
"../../../Engine/Content/EngineSky/C_Sky_Horizon_Color.uasset" 647
"../../../Engine/Content/EngineSky/C_Sky_Zenith_Color.uasset" 648
"../../../Engine/Content/EngineSky/T_Sky_Blue.uasset" 649
"../../../Engine/Content/EngineSky/T_Sky_Clouds_M.uasset" 650
"../../../Engine/Content/EngineSky/T_Sky_Stars.uasset" 651
"../../../Engine/Content/EngineSky/M_Sky_Panning_Clouds2.uasset" 652
"../../../Engine/Content/EngineSky/SM_SkySphere.uasset" 653
"../../../Engine/Content/EngineSky/BP_Sky_Sphere.uasset" 654
"../../../../../../Users/huy/Documents/GitHub/Planetary-Devastation/Content/WarpsPack/Materials/M_BG.uasset" 655
"../../../../../../Users/huy/Documents/GitHub/Planetary-Devastation/Content/WarpsPack/Warps/BlueWarp/M_Blue_BG_Inst.uasset" 656
"../../../../../../Users/huy/Documents/GitHub/Planetary-Devastation/Content/WarpsPack/Textures/T_Noise_10.uasset" 657
"../../../../../../Users/huy/Documents/GitHub/Planetary-Devastation/Content/WarpsPack/Textures/T_Noise_11.uasset" 658
"../../../../../../Users/huy/Documents/GitHub/Planetary-Devastation/Content/WarpsPack/Textures/T_Noise_8.uasset" 659
"../../../../../../Users/huy/Documents/GitHub/Planetary-Devastation/Content/WarpsPack/Warps/BlueWarp/M_BlueWarp.uasset" 660
"../../../../../../Users/huy/Documents/GitHub/Planetary-Devastation/Content/WarpsPack/Textures/T_Noise_1.uasset" 661
"../../../../../../Users/huy/Documents/GitHub/Planetary-Devastation/Content/WarpsPack/Textures/T_Noise_5.uasset" 662
"../../../../../../Users/huy/Documents/GitHub/Planetary-Devastation/Content/WarpsPack/Textures/T_Noise_6.uasset" 663
"../../../../../../Users/huy/Documents/GitHub/Planetary-Devastation/Content/WarpsPack/Warps/BlueWarp/M_BlueWarp_Inst.uasset" 664
"../../../../../../Users/huy/Documents/GitHub/Planetary-Devastation/Content/WarpsPack/Warps/BlueWarp/M_BlueWarpIntensive.uasset" 665
"../../../../../../Users/huy/Documents/GitHub/Planetary-Devastation/Content/WarpsPack/Textures/T_Noise_7.uasset" 666
"../../../../../../Users/huy/Documents/GitHub/Planetary-Devastation/Content/WarpsPack/Warps/BlueWarp/M_BlueWarpIntensive_Inst.uasset" 667
"../../../../../../Users/huy/Documents/GitHub/Planetary-Devastation/Content/WarpsPack/Meshes/SM_Sphere.uasset" 668
"../../../../../../Users/huy/Documents/GitHub/Planetary-Devastation/Content/WarpsPack/Meshes/SM_Warp.uasset" 669
"../../../../../../Users/huy/Documents/GitHub/Planetary-Devastation/Content/WarpsPack/Meshes/SM_WarpBG.uasset" 670
"../../../../../../Users/huy/Documents/GitHub/Planetary-Devastation/Content/WarpsPack/Textures/T_Star.uasset" 671
"../../../../../../Users/huy/Documents/GitHub/Planetary-Devastation/Content/WarpsPack/Materials/M_Stars.uasset" 672
"../../../../../../Users/huy/Documents/GitHub/Planetary-Devastation/Content/WarpsPack/Warps/BlueWarp/P_BlueStars.uasset" 673
"../../../../../../Users/huy/Documents/GitHub/Planetary-Devastation/Content/WarpsPack/Warps/BlueWarp/BP_BlueWarp.uasset" 674
"../../../../../../Users/huy/Documents/GitHub/Planetary-Devastation/Content/WarpsPack/Warps/GreenWarp/M_Green_BG_Inst.uasset" 675
"../../../../../../Users/huy/Documents/GitHub/Planetary-Devastation/Content/WarpsPack/Warps/GreenWarp/M_GreenWarp.uasset" 676
"../../../../../../Users/huy/Documents/GitHub/Planetary-Devastation/Content/WarpsPack/Textures/T_Noise_9.uasset" 677
"../../../../../../Users/huy/Documents/GitHub/Planetary-Devastation/Content/WarpsPack/Warps/GreenWarp/M_GreenWarp_Inst.uasset" 678
"../../../../../../Users/huy/Documents/GitHub/Planetary-Devastation/Content/WarpsPack/Warps/GreenWarp/M_GreenWarpIntensive.uasset" 679
"../../../../../../Users/huy/Documents/GitHub/Planetary-Devastation/Content/WarpsPack/Warps/GreenWarp/M_GreenWarpIntensive_Inst.uasset" 680
"../../../../../../Users/huy/Documents/GitHub/Planetary-Devastation/Content/WarpsPack/Warps/GreenWarp/P_GreenStars.uasset" 681
"../../../../../../Users/huy/Documents/GitHub/Planetary-Devastation/Content/WarpsPack/Warps/GreenWarp/BP_GreenWarp.uasset" 682
"../../../../../../Users/huy/Documents/GitHub/Planetary-Devastation/Content/WarpsPack/Warps/OrangeWarp/M_Orange_BG_Inst.uasset" 683
"../../../../../../Users/huy/Documents/GitHub/Planetary-Devastation/Content/WarpsPack/Warps/OrangeWarp/M_OrangeWarp.uasset" 684
"../../../../../../Users/huy/Documents/GitHub/Planetary-Devastation/Content/WarpsPack/Warps/OrangeWarp/M_OrangeWarp_Inst.uasset" 685
"../../../../../../Users/huy/Documents/GitHub/Planetary-Devastation/Content/WarpsPack/Warps/OrangeWarp/M_OrangeWarpIntensive.uasset" 686
"../../../../../../Users/huy/Documents/GitHub/Planetary-Devastation/Content/WarpsPack/Warps/OrangeWarp/M_OrangeWarpIntensive_Inst.uasset" 687
"../../../../../../Users/huy/Documents/GitHub/Planetary-Devastation/Content/WarpsPack/Warps/OrangeWarp/P_OrangeStars.uasset" 688
"../../../../../../Users/huy/Documents/GitHub/Planetary-Devastation/Content/WarpsPack/Warps/OrangeWarp/BP_OrangeWarp.uasset" 689
"../../../../../../Users/huy/Documents/GitHub/Planetary-Devastation/Content/WarpsPack/Warps/PinkWarp/M_Pink_BG_Inst.uasset" 690
"../../../../../../Users/huy/Documents/GitHub/Planetary-Devastation/Content/WarpsPack/Warps/PinkWarp/M_PinkWarp.uasset" 691
"../../../../../../Users/huy/Documents/GitHub/Planetary-Devastation/Content/WarpsPack/Textures/T_Noise_12.uasset" 692
"../../../../../../Users/huy/Documents/GitHub/Planetary-Devastation/Content/WarpsPack/Warps/PinkWarp/M_PinkWarp_Inst.uasset" 693
"../../../../../../Users/huy/Documents/GitHub/Planetary-Devastation/Content/WarpsPack/Warps/PinkWarp/M_PinkWarpIntensive.uasset" 694
"../../../../../../Users/huy/Documents/GitHub/Planetary-Devastation/Content/WarpsPack/Warps/PinkWarp/M_PinkWarpIntensive_Inst.uasset" 695
"../../../../../../Users/huy/Documents/GitHub/Planetary-Devastation/Content/WarpsPack/Warps/PinkWarp/P_PinkStars.uasset" 696
"../../../../../../Users/huy/Documents/GitHub/Planetary-Devastation/Content/WarpsPack/Warps/PinkWarp/BP_PinkWarp.uasset" 697
"../../../../../../Users/huy/Documents/GitHub/Planetary-Devastation/Content/WarpsPack/Warps/PurpleWarp/M_Purple_BG_Inst.uasset" 698
"../../../../../../Users/huy/Documents/GitHub/Planetary-Devastation/Content/WarpsPack/Warps/PurpleWarp/M_PurpleWarp.uasset" 699
"../../../../../../Users/huy/Documents/GitHub/Planetary-Devastation/Content/WarpsPack/Warps/PurpleWarp/M_PurpleWarp_Inst.uasset" 700
"../../../../../../Users/huy/Documents/GitHub/Planetary-Devastation/Content/WarpsPack/Warps/PurpleWarp/M_PurpleWarpIntensive.uasset" 701
"../../../../../../Users/huy/Documents/GitHub/Planetary-Devastation/Content/WarpsPack/Textures/T_Noise_2.uasset" 702
"../../../../../../Users/huy/Documents/GitHub/Planetary-Devastation/Content/WarpsPack/Warps/PurpleWarp/M_PurpleWarpIntensive_Inst.uasset" 703
"../../../../../../Users/huy/Documents/GitHub/Planetary-Devastation/Content/WarpsPack/Warps/PurpleWarp/P_PurpleStars.uasset" 704
"../../../../../../Users/huy/Documents/GitHub/Planetary-Devastation/Content/WarpsPack/Warps/PurpleWarp/BP_PurpleWarp.uasset" 705
"../../../../../../Users/huy/Documents/GitHub/Planetary-Devastation/Content/WarpsPack/Warps/RedWarp/M_Red_BG_Inst.uasset" 706
"../../../../../../Users/huy/Documents/GitHub/Planetary-Devastation/Content/WarpsPack/Warps/RedWarp/M_RedWarp.uasset" 707
"../../../../../../Users/huy/Documents/GitHub/Planetary-Devastation/Content/WarpsPack/Textures/T_Noise_3.uasset" 708
"../../../../../../Users/huy/Documents/GitHub/Planetary-Devastation/Content/WarpsPack/Textures/T_Noise_4.uasset" 709
"../../../../../../Users/huy/Documents/GitHub/Planetary-Devastation/Content/WarpsPack/Warps/RedWarp/M_RedWarp_Inst.uasset" 710
"../../../../../../Users/huy/Documents/GitHub/Planetary-Devastation/Content/WarpsPack/Warps/RedWarp/M_RedWarpIntensive.uasset" 711
"../../../../../../Users/huy/Documents/GitHub/Planetary-Devastation/Content/WarpsPack/Warps/RedWarp/M_RedWarpIntensive_Inst.uasset" 712
"../../../../../../Users/huy/Documents/GitHub/Planetary-Devastation/Content/WarpsPack/Warps/RedWarp/P_RedStars.uasset" 713
"../../../../../../Users/huy/Documents/GitHub/Planetary-Devastation/Content/WarpsPack/Warps/RedWarp/BP_RedWarp.uasset" 714
"../../../../../../Users/huy/Documents/GitHub/Planetary-Devastation/Content/Pictures/Space.uasset" 715
"../../../../../../Users/huy/Documents/GitHub/Planetary-Devastation/Content/Pictures/Space_Mat.uasset" 716
"../../../../../../Users/huy/Documents/GitHub/Planetary-Devastation/Content/WarpsPack/Warps/SimpleWarp/M_SimpleWarpIntensive.uasset" 717
"../../../../../../Users/huy/Documents/GitHub/Planetary-Devastation/Content/WarpsPack/Warps/SimpleWarp/M_SimpleWarpIntensive_Inst.uasset" 718
"../../../../../../Users/huy/Documents/GitHub/Planetary-Devastation/Content/WarpsPack/Warps/SimpleWarp/P_SimpleStars.uasset" 719
"../../../../../../Users/huy/Documents/GitHub/Planetary-Devastation/Content/WarpsPack/Warps/SimpleWarp/BP_SimpleWarp.uasset" 720
"../../../../../../Users/huy/Documents/GitHub/Planetary-Devastation/Content/WarpsPack/Warps/WhiteWarp/M_White_BG_Inst.uasset" 721
"../../../../../../Users/huy/Documents/GitHub/Planetary-Devastation/Content/WarpsPack/Warps/WhiteWarp/M_WhiteWarp.uasset" 722
"../../../../../../Users/huy/Documents/GitHub/Planetary-Devastation/Content/WarpsPack/Warps/WhiteWarp/M_WhiteWarp_Inst.uasset" 723
"../../../../../../Users/huy/Documents/GitHub/Planetary-Devastation/Content/WarpsPack/Warps/WhiteWarp/M_WhiteWarpIntensive.uasset" 724
"../../../../../../Users/huy/Documents/GitHub/Planetary-Devastation/Content/WarpsPack/Warps/WhiteWarp/M_WhiteWarpIntensive_Inst.uasset" 725
"../../../../../../Users/huy/Documents/GitHub/Planetary-Devastation/Content/WarpsPack/Warps/WhiteWarp/P_WhiteStars.uasset" 726
"../../../../../../Users/huy/Documents/GitHub/Planetary-Devastation/Content/WarpsPack/Warps/WhiteWarp/BP_WhiteWarp.uasset" 727
"../../../../../../Users/huy/Documents/GitHub/Planetary-Devastation/Content/WarpsPack/Warps/YellowWarp/M_Yellow_BG_Inst.uasset" 728
"../../../../../../Users/huy/Documents/GitHub/Planetary-Devastation/Content/WarpsPack/Warps/YellowWarp/M_YellowWarp.uasset" 729
"../../../../../../Users/huy/Documents/GitHub/Planetary-Devastation/Content/WarpsPack/Warps/YellowWarp/M_YellowWarp_Inst.uasset" 730
"../../../../../../Users/huy/Documents/GitHub/Planetary-Devastation/Content/WarpsPack/Warps/YellowWarp/M_YellowWarpIntensive.uasset" 731
"../../../../../../Users/huy/Documents/GitHub/Planetary-Devastation/Content/WarpsPack/Warps/YellowWarp/M_YellowWarpIntensive_Inst.uasset" 732
"../../../../../../Users/huy/Documents/GitHub/Planetary-Devastation/Content/WarpsPack/Warps/YellowWarp/P_YellowStars.uasset" 733
"../../../../../../Users/huy/Documents/GitHub/Planetary-Devastation/Content/WarpsPack/Warps/YellowWarp/BP_YellowWarp.uasset" 734
"../../../../../../Users/huy/Documents/GitHub/Planetary-Devastation/Content/Levels/Warps_BuiltData.uasset" 735
"../../../../../../Users/huy/Documents/GitHub/Planetary-Devastation/Content/WarpsPack/Materials/M_Ground.uasset" 736
"../../../Engine/Content/MapTemplates/SM_Template_Map_Floor.uasset" 737
"../../../../../../Users/huy/Documents/GitHub/Planetary-Devastation/Content/Pictures/Sun.uasset" 738
"../../../../../../Users/huy/Documents/GitHub/Planetary-Devastation/Content/Pictures/Mars.uasset" 739
"../../../../../../Users/huy/Documents/GitHub/Planetary-Devastation/Content/Pictures/Temp_Planet.uasset" 740
"../../../../../../Users/huy/Documents/GitHub/Planetary-Devastation/Content/UMG/ExitButton_WBP.uasset" 741
"../../../../../../Users/huy/Documents/GitHub/Planetary-Devastation/Content/Pictures/Saturn.uasset" 742
"../../../../../../Users/huy/Documents/GitHub/Planetary-Devastation/Content/UMG/PlayButton_WBP.uasset" 743
"../../../../../../Users/huy/Documents/GitHub/Planetary-Devastation/Content/UMG/TitleMenu_WBP.uasset" 744
"../../../../../../Users/huy/Documents/GitHub/Planetary-Devastation/Content/Levels/Warps.umap" 745
